{
  "RSpec": {
    "coverage": {
      "/home/ilija/Dropbox/code/bloc.io/viral amin/blocipedia/app/models/amount.rb": [
        1,
        1,
        1,
        null,
        null
      ],
      "/home/ilija/Dropbox/code/bloc.io/viral amin/blocipedia/app/models/wiki.rb": [
        1,
        1,
        null,
        1,
        1,
        1,
        null,
        1,
        1,
        null
      ],
      "/home/ilija/Dropbox/code/bloc.io/viral amin/blocipedia/app/controllers/welcome_controller.rb": [
        1,
        1,
        null,
        null,
        1,
        null,
        null
      ],
      "/home/ilija/Dropbox/code/bloc.io/viral amin/blocipedia/app/controllers/application_controller.rb": [
        1,
        null,
        null,
        1,
        1,
        1,
        null,
        1,
        0,
        null,
        null,
        1,
        null,
        1,
        5,
        null,
        null
      ]
    },
    "timestamp": 1438719697
  }
}
